<html>
<head>
<title>TestNG:  Default test</title>
<link href="../testng.css" rel="stylesheet" type="text/css" />
<link href="../my-testng.css" rel="stylesheet" type="text/css" />

<style type="text/css">
.log { display: none;} 
.stack-trace { display: none;} 
</style>
<script type="text/javascript">
<!--
function flip(e) {
  current = e.style.display;
  if (current == 'block') {
    e.style.display = 'none';
    return 0;
  }
  else {
    e.style.display = 'block';
    return 1;
  }
}

function toggleBox(szDivId, elem, msg1, msg2)
{
  var res = -1;  if (document.getElementById) {
    res = flip(document.getElementById(szDivId));
  }
  else if (document.all) {
    // this is the way old msie versions work
    res = flip(document.all[szDivId]);
  }
  if(elem) {
    if(res == 0) elem.innerHTML = msg1; else elem.innerHTML = msg2;
  }

}

function toggleAllBoxes() {
  if (document.getElementsByTagName) {
    d = document.getElementsByTagName('div');
    for (i = 0; i < d.length; i++) {
      if (d[i].className == 'log') {
        flip(d[i]);
      }
    }
  }
}

// -->
</script>

</head>
<body>
<h2 align='center'>Default test</h2><table border='1' align="center">
<tr>
<td>Tests passed/Failed/Skipped:</td><td>17/3/0</td>
</tr><tr>
<td>Started on:</td><td>Sun Feb 03 18:06:32 EST 2019</td>
</tr>
<tr><td>Total time:</td><td>116 seconds (116668 ms)</td>
</tr><tr>
<td>Included groups:</td><td></td>
</tr><tr>
<td>Excluded groups:</td><td></td>
</tr>
</table><p/>
<small><i>(Hover the method name to see the test class name)</i></small><p/>
<table width='100%' border='1' class='invocation-failed'>
<tr><td colspan='4' align='center'><b>FAILED TESTS</b></td></tr>
<tr><td><b>Test method</b></td>
<td width="30%"><b>Exception</b></td>
<td width="10%"><b>Time (seconds)</b></td>
<td><b>Instance</b></td>
</tr>
<tr>
<td title='com.app.qa.test.ProjectDashboardTest.validateRecordUpdateSaveOnRefresh()'><b>validateRecordUpdateSaveOnRefresh</b><br>Test class: com.app.qa.test.ProjectDashboardTest</td>
<td><div><pre>java.lang.AssertionError: Test Failed - The updates made to the record were not refelected after page refresh!
	at org.testng.Assert.fail(Assert.java:96)
	at org.testng.Assert.assertNotEquals(Assert.java:1157)
	at com.app.qa.test.ProjectDashboardTest.validateRecordUpdateSaveOnRefresh(ProjectDashboardTest.java:114)
	at sun.reflect.NativeMethodAccessorImpl.invoke0(Native Method)
	at sun.reflect.NativeMethodAccessorImpl.invoke(Unknown Source)
	at sun.reflect.DelegatingMethodAccessorImpl.invoke(Unknown Source)
	at java.lang.reflect.Method.invoke(Unknown Source)
	at org.testng.internal.MethodInvocationHelper.invokeMethod(MethodInvocationHelper.java:124)
	at org.testng.internal.Invoker.invokeMethod(Invoker.java:583)
	at org.testng.internal.Invoker.invokeTestMethod(Invoker.java:719)
	at org.testng.internal.Invoker.invokeTestMethods(Invoker.java:989)
	at org.testng.internal.TestMethodWorker.invokeTestMethods(TestMethodWorker.java:125)
	at org.testng.internal.TestMethodWorker.run(TestMethodWorker.java:109)
	at org.testng.TestRunner.privateRun(TestRunner.java:648)
	at org.testng.TestRunner.run(TestRunner.java:505)
	at org.testng.SuiteRunner.runTest(SuiteRunner.java:455)
	at org.testng.SuiteRunner.runSequentially(SuiteRunner.java:450)
	at org.testng.SuiteRunner.privateRun(SuiteRunner.java:415)
	at org.testng.SuiteRunner.run(SuiteRunner.java:364)
	at org.testng.SuiteRunnerWorker.runSuite(SuiteRunnerWorker.java:52)
	at org.testng.SuiteRunnerWorker.run(SuiteRunnerWorker.java:84)
	at org.testng.TestNG.runSuitesSequentially(TestNG.java:1208)
	at org.testng.TestNG.runSuitesLocally(TestNG.java:1137)
	at org.testng.TestNG.runSuites(TestNG.java:1049)
	at org.testng.TestNG.run(TestNG.java:1017)
	at org.testng.remote.AbstractRemoteTestNG.run(AbstractRemoteTestNG.java:114)
	at org.testng.remote.RemoteTestNG.initAndRun(RemoteTestNG.java:251)
	at org.testng.remote.RemoteTestNG.main(RemoteTestNG.java:77)
</pre></div><a href='#' onClick='toggleBox("stack-trace1732513254", this, "Click to show all stack frames", "Click to hide stack frames")'>Click to show all stack frames</a>
<div class='stack-trace' id='stack-trace1732513254'><pre>java.lang.AssertionError: Test Failed - The updates made to the record were not refelected after page refresh!
	at org.testng.Assert.fail(Assert.java:96)
	at org.testng.Assert.assertNotEquals(Assert.java:1157)
	at com.app.qa.test.ProjectDashboardTest.validateRecordUpdateSaveOnRefresh(ProjectDashboardTest.java:114)
	at sun.reflect.NativeMethodAccessorImpl.invoke0(Native Method)
	at sun.reflect.NativeMethodAccessorImpl.invoke(Unknown Source)
	at sun.reflect.DelegatingMethodAccessorImpl.invoke(Unknown Source)
	at java.lang.reflect.Method.invoke(Unknown Source)
	at org.testng.internal.MethodInvocationHelper.invokeMethod(MethodInvocationHelper.java:124)
	at org.testng.internal.Invoker.invokeMethod(Invoker.java:583)
	at org.testng.internal.Invoker.invokeTestMethod(Invoker.java:719)
	at org.testng.internal.Invoker.invokeTestMethods(Invoker.java:989)
	at org.testng.internal.TestMethodWorker.invokeTestMethods(TestMethodWorker.java:125)
	at org.testng.internal.TestMethodWorker.run(TestMethodWorker.java:109)
	at org.testng.TestRunner.privateRun(TestRunner.java:648)
	at org.testng.TestRunner.run(TestRunner.java:505)
	at org.testng.SuiteRunner.runTest(SuiteRunner.java:455)
	at org.testng.SuiteRunner.runSequentially(SuiteRunner.java:450)
	at org.testng.SuiteRunner.privateRun(SuiteRunner.java:415)
	at org.testng.SuiteRunner.run(SuiteRunner.java:364)
	at org.testng.SuiteRunnerWorker.runSuite(SuiteRunnerWorker.java:52)
	at org.testng.SuiteRunnerWorker.run(SuiteRunnerWorker.java:84)
	at org.testng.TestNG.runSuitesSequentially(TestNG.java:1208)
	at org.testng.TestNG.runSuitesLocally(TestNG.java:1137)
	at org.testng.TestNG.runSuites(TestNG.java:1049)
	at org.testng.TestNG.run(TestNG.java:1017)
	at org.testng.remote.AbstractRemoteTestNG.run(AbstractRemoteTestNG.java:114)
	at org.testng.remote.RemoteTestNG.initAndRun(RemoteTestNG.java:251)
	at org.testng.remote.RemoteTestNG.main(RemoteTestNG.java:77)
</pre></div></td>
<td>1</td>
<td>com.app.qa.test.ProjectDashboardTest@59f99ea</td></tr>
<tr>
<td title='com.app.qa.test.ProjectDashboardTest.validateRowAlignment()'><b>validateRowAlignment</b><br>Test class: com.app.qa.test.ProjectDashboardTest</td>
<td><div><pre>java.lang.AssertionError: Test Failed - The page rows are not aligned to the left (Horizontally) as their x-axis values do not match expected [120] but found [105]
	at org.testng.Assert.fail(Assert.java:96)
	at org.testng.Assert.failNotEquals(Assert.java:776)
	at org.testng.Assert.assertEqualsImpl(Assert.java:137)
	at org.testng.Assert.assertEquals(Assert.java:118)
	at com.app.qa.test.ProjectDashboardTest.validateRowAlignment(ProjectDashboardTest.java:138)
	at sun.reflect.NativeMethodAccessorImpl.invoke0(Native Method)
	at sun.reflect.NativeMethodAccessorImpl.invoke(Unknown Source)
	at sun.reflect.DelegatingMethodAccessorImpl.invoke(Unknown Source)
	at java.lang.reflect.Method.invoke(Unknown Source)
	at org.testng.internal.MethodInvocationHelper.invokeMethod(MethodInvocationHelper.java:124)
	at org.testng.internal.Invoker.invokeMethod(Invoker.java:583)
	at org.testng.internal.Invoker.invokeTestMethod(Invoker.java:719)
	at org.testng.internal.Invoker.invokeTestMethods(Invoker.java:989)
	at org.testng.internal.TestMethodWorker.invokeTestMethods(TestMethodWorker.java:125)
	at org.testng.internal.TestMethodWorker.run(TestMethodWorker.java:109)
	at org.testng.TestRunner.privateRun(TestRunner.java:648)
	at org.testng.TestRunner.run(TestRunner.java:505)
	at org.testng.SuiteRunner.runTest(SuiteRunner.java:455)
	at org.testng.SuiteRunner.runSequentially(SuiteRunner.java:450)
	at org.testng.SuiteRunner.privateRun(SuiteRunner.java:415)
	at org.testng.SuiteRunner.run(SuiteRunner.java:364)
	at org.testng.SuiteRunnerWorker.runSuite(SuiteRunnerWorker.java:52)
	at org.testng.SuiteRunnerWorker.run(SuiteRunnerWorker.java:84)
	at org.testng.TestNG.runSuitesSequentially(TestNG.java:1208)
	at org.testng.TestNG.runSuitesLocally(TestNG.java:1137)
	at org.testng.TestNG.runSuites(TestNG.java:1049)
	at org.testng.TestNG.run(TestNG.java:1017)
	at org.testng.remote.AbstractRemoteTestNG.run(AbstractRemoteTestNG.java:114)
	at org.testng.remote.RemoteTestNG.initAndRun(RemoteTestNG.java:251)
	at org.testng.remote.RemoteTestNG.main(RemoteTestNG.java:77)
</pre></div><a href='#' onClick='toggleBox("stack-trace1539947037", this, "Click to show all stack frames", "Click to hide stack frames")'>Click to show all stack frames</a>
<div class='stack-trace' id='stack-trace1539947037'><pre>java.lang.AssertionError: Test Failed - The page rows are not aligned to the left (Horizontally) as their x-axis values do not match expected [120] but found [105]
	at org.testng.Assert.fail(Assert.java:96)
	at org.testng.Assert.failNotEquals(Assert.java:776)
	at org.testng.Assert.assertEqualsImpl(Assert.java:137)
	at org.testng.Assert.assertEquals(Assert.java:118)
	at com.app.qa.test.ProjectDashboardTest.validateRowAlignment(ProjectDashboardTest.java:138)
	at sun.reflect.NativeMethodAccessorImpl.invoke0(Native Method)
	at sun.reflect.NativeMethodAccessorImpl.invoke(Unknown Source)
	at sun.reflect.DelegatingMethodAccessorImpl.invoke(Unknown Source)
	at java.lang.reflect.Method.invoke(Unknown Source)
	at org.testng.internal.MethodInvocationHelper.invokeMethod(MethodInvocationHelper.java:124)
	at org.testng.internal.Invoker.invokeMethod(Invoker.java:583)
	at org.testng.internal.Invoker.invokeTestMethod(Invoker.java:719)
	at org.testng.internal.Invoker.invokeTestMethods(Invoker.java:989)
	at org.testng.internal.TestMethodWorker.invokeTestMethods(TestMethodWorker.java:125)
	at org.testng.internal.TestMethodWorker.run(TestMethodWorker.java:109)
	at org.testng.TestRunner.privateRun(TestRunner.java:648)
	at org.testng.TestRunner.run(TestRunner.java:505)
	at org.testng.SuiteRunner.runTest(SuiteRunner.java:455)
	at org.testng.SuiteRunner.runSequentially(SuiteRunner.java:450)
	at org.testng.SuiteRunner.privateRun(SuiteRunner.java:415)
	at org.testng.SuiteRunner.run(SuiteRunner.java:364)
	at org.testng.SuiteRunnerWorker.runSuite(SuiteRunnerWorker.java:52)
	at org.testng.SuiteRunnerWorker.run(SuiteRunnerWorker.java:84)
	at org.testng.TestNG.runSuitesSequentially(TestNG.java:1208)
	at org.testng.TestNG.runSuitesLocally(TestNG.java:1137)
	at org.testng.TestNG.runSuites(TestNG.java:1049)
	at org.testng.TestNG.run(TestNG.java:1017)
	at org.testng.remote.AbstractRemoteTestNG.run(AbstractRemoteTestNG.java:114)
	at org.testng.remote.RemoteTestNG.initAndRun(RemoteTestNG.java:251)
	at org.testng.remote.RemoteTestNG.main(RemoteTestNG.java:77)
</pre></div></td>
<td>0</td>
<td>com.app.qa.test.ProjectDashboardTest@59f99ea</td></tr>
<tr>
<td title='com.app.qa.test.ProjectDashboardTest.validateStatusUpdateStatistics()'><b>validateStatusUpdateStatistics</b><br>Test class: com.app.qa.test.ProjectDashboardTest</td>
<td><div><pre>java.lang.AssertionError: Test Failed - Statistics are not getting updated on updating the status of a record! expected [true] but found [false]
	at org.testng.Assert.fail(Assert.java:96)
	at org.testng.Assert.failNotEquals(Assert.java:776)
	at org.testng.Assert.assertTrue(Assert.java:44)
	at com.app.qa.test.ProjectDashboardTest.validateStatusUpdateStatistics(ProjectDashboardTest.java:107)
	at sun.reflect.NativeMethodAccessorImpl.invoke0(Native Method)
	at sun.reflect.NativeMethodAccessorImpl.invoke(Unknown Source)
	at sun.reflect.DelegatingMethodAccessorImpl.invoke(Unknown Source)
	at java.lang.reflect.Method.invoke(Unknown Source)
	at org.testng.internal.MethodInvocationHelper.invokeMethod(MethodInvocationHelper.java:124)
	at org.testng.internal.Invoker.invokeMethod(Invoker.java:583)
	at org.testng.internal.Invoker.invokeTestMethod(Invoker.java:719)
	at org.testng.internal.Invoker.invokeTestMethods(Invoker.java:989)
	at org.testng.internal.TestMethodWorker.invokeTestMethods(TestMethodWorker.java:125)
	at org.testng.internal.TestMethodWorker.run(TestMethodWorker.java:109)
	at org.testng.TestRunner.privateRun(TestRunner.java:648)
	at org.testng.TestRunner.run(TestRunner.java:505)
	at org.testng.SuiteRunner.runTest(SuiteRunner.java:455)
	at org.testng.SuiteRunner.runSequentially(SuiteRunner.java:450)
	at org.testng.SuiteRunner.privateRun(SuiteRunner.java:415)
	at org.testng.SuiteRunner.run(SuiteRunner.java:364)
	at org.testng.SuiteRunnerWorker.runSuite(SuiteRunnerWorker.java:52)
	at org.testng.SuiteRunnerWorker.run(SuiteRunnerWorker.java:84)
	at org.testng.TestNG.runSuitesSequentially(TestNG.java:1208)
	at org.testng.TestNG.runSuitesLocally(TestNG.java:1137)
	at org.testng.TestNG.runSuites(TestNG.java:1049)
	at org.testng.TestNG.run(TestNG.java:1017)
	at org.testng.remote.AbstractRemoteTestNG.run(AbstractRemoteTestNG.java:114)
	at org.testng.remote.RemoteTestNG.initAndRun(RemoteTestNG.java:251)
	at org.testng.remote.RemoteTestNG.main(RemoteTestNG.java:77)
</pre></div><a href='#' onClick='toggleBox("stack-trace1781459498", this, "Click to show all stack frames", "Click to hide stack frames")'>Click to show all stack frames</a>
<div class='stack-trace' id='stack-trace1781459498'><pre>java.lang.AssertionError: Test Failed - Statistics are not getting updated on updating the status of a record! expected [true] but found [false]
	at org.testng.Assert.fail(Assert.java:96)
	at org.testng.Assert.failNotEquals(Assert.java:776)
	at org.testng.Assert.assertTrue(Assert.java:44)
	at com.app.qa.test.ProjectDashboardTest.validateStatusUpdateStatistics(ProjectDashboardTest.java:107)
	at sun.reflect.NativeMethodAccessorImpl.invoke0(Native Method)
	at sun.reflect.NativeMethodAccessorImpl.invoke(Unknown Source)
	at sun.reflect.DelegatingMethodAccessorImpl.invoke(Unknown Source)
	at java.lang.reflect.Method.invoke(Unknown Source)
	at org.testng.internal.MethodInvocationHelper.invokeMethod(MethodInvocationHelper.java:124)
	at org.testng.internal.Invoker.invokeMethod(Invoker.java:583)
	at org.testng.internal.Invoker.invokeTestMethod(Invoker.java:719)
	at org.testng.internal.Invoker.invokeTestMethods(Invoker.java:989)
	at org.testng.internal.TestMethodWorker.invokeTestMethods(TestMethodWorker.java:125)
	at org.testng.internal.TestMethodWorker.run(TestMethodWorker.java:109)
	at org.testng.TestRunner.privateRun(TestRunner.java:648)
	at org.testng.TestRunner.run(TestRunner.java:505)
	at org.testng.SuiteRunner.runTest(SuiteRunner.java:455)
	at org.testng.SuiteRunner.runSequentially(SuiteRunner.java:450)
	at org.testng.SuiteRunner.privateRun(SuiteRunner.java:415)
	at org.testng.SuiteRunner.run(SuiteRunner.java:364)
	at org.testng.SuiteRunnerWorker.runSuite(SuiteRunnerWorker.java:52)
	at org.testng.SuiteRunnerWorker.run(SuiteRunnerWorker.java:84)
	at org.testng.TestNG.runSuitesSequentially(TestNG.java:1208)
	at org.testng.TestNG.runSuitesLocally(TestNG.java:1137)
	at org.testng.TestNG.runSuites(TestNG.java:1049)
	at org.testng.TestNG.run(TestNG.java:1017)
	at org.testng.remote.AbstractRemoteTestNG.run(AbstractRemoteTestNG.java:114)
	at org.testng.remote.RemoteTestNG.initAndRun(RemoteTestNG.java:251)
	at org.testng.remote.RemoteTestNG.main(RemoteTestNG.java:77)
</pre></div></td>
<td>0</td>
<td>com.app.qa.test.ProjectDashboardTest@59f99ea</td></tr>
</table><p>
<table width='100%' border='1' class='invocation-passed'>
<tr><td colspan='4' align='center'><b>PASSED TESTS</b></td></tr>
<tr><td><b>Test method</b></td>
<td width="30%"><b>Exception</b></td>
<td width="10%"><b>Time (seconds)</b></td>
<td><b>Instance</b></td>
</tr>
<tr>
<td title='com.app.qa.test.ProjectDashboardTest.checkAddRecordButtonDisabled()'><b>checkAddRecordButtonDisabled</b><br>Test class: com.app.qa.test.ProjectDashboardTest</td>
<td></td>
<td>0</td>
<td>com.app.qa.test.ProjectDashboardTest@59f99ea</td></tr>
<tr>
<td title='com.app.qa.test.ProjectDashboardTest.checkAddRecordButtonVisibility()'><b>checkAddRecordButtonVisibility</b><br>Test class: com.app.qa.test.ProjectDashboardTest</td>
<td></td>
<td>0</td>
<td>com.app.qa.test.ProjectDashboardTest@59f99ea</td></tr>
<tr>
<td title='com.app.qa.test.ProjectDashboardTest.checkExportButtonDisabled()'><b>checkExportButtonDisabled</b><br>Test class: com.app.qa.test.ProjectDashboardTest</td>
<td></td>
<td>0</td>
<td>com.app.qa.test.ProjectDashboardTest@59f99ea</td></tr>
<tr>
<td title='com.app.qa.test.ProjectDashboardTest.checkExportButtonVisibility()'><b>checkExportButtonVisibility</b><br>Test class: com.app.qa.test.ProjectDashboardTest</td>
<td></td>
<td>0</td>
<td>com.app.qa.test.ProjectDashboardTest@59f99ea</td></tr>
<tr>
<td title='com.app.qa.test.ProjectDashboardTest.validateAccountingStatistics()'><b>validateAccountingStatistics</b><br>Test class: com.app.qa.test.ProjectDashboardTest</td>
<td></td>
<td>0</td>
<td>com.app.qa.test.ProjectDashboardTest@59f99ea</td></tr>
<tr>
<td title='com.app.qa.test.ProjectDashboardTest.validateAdministrationStatistics()'><b>validateAdministrationStatistics</b><br>Test class: com.app.qa.test.ProjectDashboardTest</td>
<td></td>
<td>0</td>
<td>com.app.qa.test.ProjectDashboardTest@59f99ea</td></tr>
<tr>
<td title='com.app.qa.test.ProjectDashboardTest.validateArchivedStatistics()'><b>validateArchivedStatistics</b><br>Test class: com.app.qa.test.ProjectDashboardTest</td>
<td></td>
<td>0</td>
<td>com.app.qa.test.ProjectDashboardTest@59f99ea</td></tr>
<tr>
<td title='com.app.qa.test.ProjectDashboardTest.validateBudgetFormatOnUpdate()'><b>validateBudgetFormatOnUpdate</b><br>Test class: com.app.qa.test.ProjectDashboardTest</td>
<td></td>
<td>0</td>
<td>com.app.qa.test.ProjectDashboardTest@59f99ea</td></tr>
<tr>
<td title='com.app.qa.test.ProjectDashboardTest.validateDeliveredStatistics()'><b>validateDeliveredStatistics</b><br>Test class: com.app.qa.test.ProjectDashboardTest</td>
<td></td>
<td>0</td>
<td>com.app.qa.test.ProjectDashboardTest@59f99ea</td></tr>
<tr>
<td title='com.app.qa.test.ProjectDashboardTest.validateFeedbackOnUpdate()'><b>validateFeedbackOnUpdate</b><br>Test class: com.app.qa.test.ProjectDashboardTest</td>
<td></td>
<td>0</td>
<td>com.app.qa.test.ProjectDashboardTest@59f99ea</td></tr>
<tr>
<td title='com.app.qa.test.ProjectDashboardTest.validateMarketingStatistics()'><b>validateMarketingStatistics</b><br>Test class: com.app.qa.test.ProjectDashboardTest</td>
<td></td>
<td>0</td>
<td>com.app.qa.test.ProjectDashboardTest@59f99ea</td></tr>
<tr>
<td title='com.app.qa.test.ProjectDashboardTest.validateNewStatistics()'><b>validateNewStatistics</b><br>Test class: com.app.qa.test.ProjectDashboardTest</td>
<td></td>
<td>0</td>
<td>com.app.qa.test.ProjectDashboardTest@59f99ea</td></tr>
<tr>
<td title='com.app.qa.test.ProjectDashboardTest.validatePageHTMLTitle()'><b>validatePageHTMLTitle</b><br>Test class: com.app.qa.test.ProjectDashboardTest</td>
<td></td>
<td>0</td>
<td>com.app.qa.test.ProjectDashboardTest@59f99ea</td></tr>
<tr>
<td title='com.app.qa.test.ProjectDashboardTest.validatePageHeaderText()'><b>validatePageHeaderText</b><br>Test class: com.app.qa.test.ProjectDashboardTest</td>
<td></td>
<td>0</td>
<td>com.app.qa.test.ProjectDashboardTest@59f99ea</td></tr>
<tr>
<td title='com.app.qa.test.ProjectDashboardTest.validateProductionStatistics()'><b>validateProductionStatistics</b><br>Test class: com.app.qa.test.ProjectDashboardTest</td>
<td></td>
<td>0</td>
<td>com.app.qa.test.ProjectDashboardTest@59f99ea</td></tr>
<tr>
<td title='com.app.qa.test.ProjectDashboardTest.validateSalesStatistics()'><b>validateSalesStatistics</b><br>Test class: com.app.qa.test.ProjectDashboardTest</td>
<td></td>
<td>0</td>
<td>com.app.qa.test.ProjectDashboardTest@59f99ea</td></tr>
<tr>
<td title='com.app.qa.test.ProjectDashboardTest.validateWorkingStatistics()'><b>validateWorkingStatistics</b><br>Test class: com.app.qa.test.ProjectDashboardTest</td>
<td></td>
<td>0</td>
<td>com.app.qa.test.ProjectDashboardTest@59f99ea</td></tr>
</table><p>
</body>
</html>