<?xml version="1.0" encoding="UTF-8"?>
<testng-results skipped="0" failed="3" ignored="0" total="20" passed="17">
  <reporter-output>
  </reporter-output>
  <suite name="Default suite" duration-ms="114675" started-at="2019-02-03T23:56:16Z" finished-at="2019-02-03T23:58:10Z">
    <groups>
    </groups>
    <test name="Default test" duration-ms="114675" started-at="2019-02-03T23:56:16Z" finished-at="2019-02-03T23:58:10Z">
      <class name="com.app.qa.test.ProjectDashboardTest">
        <test-method status="PASS" signature="setUp()[pri:0, instance:com.app.qa.test.ProjectDashboardTest@59f99ea]" name="setUp" is-config="true" duration-ms="5228" started-at="2019-02-03T23:56:16Z" finished-at="2019-02-03T23:56:21Z">
          <reporter-output>
          </reporter-output>
        </test-method> <!-- setUp -->
        <test-method status="PASS" signature="checkAddRecordButtonDisabled()[pri:0, instance:com.app.qa.test.ProjectDashboardTest@59f99ea]" name="checkAddRecordButtonDisabled" duration-ms="35" started-at="2019-02-03T23:56:21Z" finished-at="2019-02-03T23:56:21Z">
          <reporter-output>
          </reporter-output>
        </test-method> <!-- checkAddRecordButtonDisabled -->
        <test-method status="PASS" signature="tearDown()[pri:0, instance:com.app.qa.test.ProjectDashboardTest@59f99ea]" name="tearDown" is-config="true" duration-ms="673" started-at="2019-02-03T23:56:21Z" finished-at="2019-02-03T23:56:22Z">
          <reporter-output>
          </reporter-output>
        </test-method> <!-- tearDown -->
        <test-method status="PASS" signature="setUp()[pri:0, instance:com.app.qa.test.ProjectDashboardTest@59f99ea]" name="setUp" is-config="true" duration-ms="4530" started-at="2019-02-03T23:56:22Z" finished-at="2019-02-03T23:56:26Z">
          <reporter-output>
          </reporter-output>
        </test-method> <!-- setUp -->
        <test-method status="PASS" signature="checkAddRecordButtonVisibility()[pri:0, instance:com.app.qa.test.ProjectDashboardTest@59f99ea]" name="checkAddRecordButtonVisibility" duration-ms="30" started-at="2019-02-03T23:56:26Z" finished-at="2019-02-03T23:56:26Z">
          <reporter-output>
          </reporter-output>
        </test-method> <!-- checkAddRecordButtonVisibility -->
        <test-method status="PASS" signature="tearDown()[pri:0, instance:com.app.qa.test.ProjectDashboardTest@59f99ea]" name="tearDown" is-config="true" duration-ms="652" started-at="2019-02-03T23:56:26Z" finished-at="2019-02-03T23:56:27Z">
          <reporter-output>
          </reporter-output>
        </test-method> <!-- tearDown -->
        <test-method status="PASS" signature="setUp()[pri:0, instance:com.app.qa.test.ProjectDashboardTest@59f99ea]" name="setUp" is-config="true" duration-ms="4536" started-at="2019-02-03T23:56:27Z" finished-at="2019-02-03T23:56:31Z">
          <reporter-output>
          </reporter-output>
        </test-method> <!-- setUp -->
        <test-method status="PASS" signature="checkExportButtonDisabled()[pri:0, instance:com.app.qa.test.ProjectDashboardTest@59f99ea]" name="checkExportButtonDisabled" duration-ms="28" started-at="2019-02-03T23:56:31Z" finished-at="2019-02-03T23:56:31Z">
          <reporter-output>
          </reporter-output>
        </test-method> <!-- checkExportButtonDisabled -->
        <test-method status="PASS" signature="tearDown()[pri:0, instance:com.app.qa.test.ProjectDashboardTest@59f99ea]" name="tearDown" is-config="true" duration-ms="653" started-at="2019-02-03T23:56:31Z" finished-at="2019-02-03T23:56:32Z">
          <reporter-output>
          </reporter-output>
        </test-method> <!-- tearDown -->
        <test-method status="PASS" signature="setUp()[pri:0, instance:com.app.qa.test.ProjectDashboardTest@59f99ea]" name="setUp" is-config="true" duration-ms="4498" started-at="2019-02-03T23:56:32Z" finished-at="2019-02-03T23:56:37Z">
          <reporter-output>
          </reporter-output>
        </test-method> <!-- setUp -->
        <test-method status="PASS" signature="checkExportButtonVisibility()[pri:0, instance:com.app.qa.test.ProjectDashboardTest@59f99ea]" name="checkExportButtonVisibility" duration-ms="33" started-at="2019-02-03T23:56:37Z" finished-at="2019-02-03T23:56:37Z">
          <reporter-output>
          </reporter-output>
        </test-method> <!-- checkExportButtonVisibility -->
        <test-method status="PASS" signature="tearDown()[pri:0, instance:com.app.qa.test.ProjectDashboardTest@59f99ea]" name="tearDown" is-config="true" duration-ms="668" started-at="2019-02-03T23:56:37Z" finished-at="2019-02-03T23:56:37Z">
          <reporter-output>
          </reporter-output>
        </test-method> <!-- tearDown -->
        <test-method status="PASS" signature="setUp()[pri:0, instance:com.app.qa.test.ProjectDashboardTest@59f99ea]" name="setUp" is-config="true" duration-ms="4579" started-at="2019-02-03T23:56:37Z" finished-at="2019-02-03T23:56:42Z">
          <reporter-output>
          </reporter-output>
        </test-method> <!-- setUp -->
        <test-method status="PASS" signature="validatePageHTMLTitle()[pri:0, instance:com.app.qa.test.ProjectDashboardTest@59f99ea]" name="validatePageHTMLTitle" duration-ms="6" started-at="2019-02-03T23:56:42Z" finished-at="2019-02-03T23:56:42Z">
          <reporter-output>
          </reporter-output>
        </test-method> <!-- validatePageHTMLTitle -->
        <test-method status="PASS" signature="tearDown()[pri:0, instance:com.app.qa.test.ProjectDashboardTest@59f99ea]" name="tearDown" is-config="true" duration-ms="652" started-at="2019-02-03T23:56:42Z" finished-at="2019-02-03T23:56:43Z">
          <reporter-output>
          </reporter-output>
        </test-method> <!-- tearDown -->
        <test-method status="PASS" signature="setUp()[pri:0, instance:com.app.qa.test.ProjectDashboardTest@59f99ea]" name="setUp" is-config="true" duration-ms="4611" started-at="2019-02-03T23:56:43Z" finished-at="2019-02-03T23:56:47Z">
          <reporter-output>
          </reporter-output>
        </test-method> <!-- setUp -->
        <test-method status="PASS" signature="validatePageHeaderText()[pri:0, instance:com.app.qa.test.ProjectDashboardTest@59f99ea]" name="validatePageHeaderText" duration-ms="33" started-at="2019-02-03T23:56:47Z" finished-at="2019-02-03T23:56:47Z">
          <reporter-output>
          </reporter-output>
        </test-method> <!-- validatePageHeaderText -->
        <test-method status="PASS" signature="tearDown()[pri:0, instance:com.app.qa.test.ProjectDashboardTest@59f99ea]" name="tearDown" is-config="true" duration-ms="644" started-at="2019-02-03T23:56:47Z" finished-at="2019-02-03T23:56:48Z">
          <reporter-output>
          </reporter-output>
        </test-method> <!-- tearDown -->
        <test-method status="PASS" signature="setUp()[pri:0, instance:com.app.qa.test.ProjectDashboardTest@59f99ea]" name="setUp" is-config="true" duration-ms="4431" started-at="2019-02-03T23:56:48Z" finished-at="2019-02-03T23:56:52Z">
          <reporter-output>
          </reporter-output>
        </test-method> <!-- setUp -->
        <test-method status="FAIL" signature="validateRowAlignment()[pri:0, instance:com.app.qa.test.ProjectDashboardTest@59f99ea]" name="validateRowAlignment" duration-ms="46" started-at="2019-02-03T23:56:52Z" finished-at="2019-02-03T23:56:52Z">
          <exception class="java.lang.AssertionError">
            <message>
              <![CDATA[Test Failed - The page rows are not aligned to the left (Horizontally) as their x-axis values do not match expected [120] but found [105]]]>
            </message>
            <full-stacktrace>
              <![CDATA[java.lang.AssertionError: Test Failed - The page rows are not aligned to the left (Horizontally) as their x-axis values do not match expected [120] but found [105]
at org.testng.Assert.fail(Assert.java:96)
at org.testng.Assert.failNotEquals(Assert.java:776)
at org.testng.Assert.assertEqualsImpl(Assert.java:137)
at org.testng.Assert.assertEquals(Assert.java:118)
at com.app.qa.test.ProjectDashboardTest.validateRowAlignment(ProjectDashboardTest.java:136)
at sun.reflect.NativeMethodAccessorImpl.invoke0(Native Method)
at sun.reflect.NativeMethodAccessorImpl.invoke(Unknown Source)
at sun.reflect.DelegatingMethodAccessorImpl.invoke(Unknown Source)
at java.lang.reflect.Method.invoke(Unknown Source)
at org.testng.internal.MethodInvocationHelper.invokeMethod(MethodInvocationHelper.java:124)
at org.testng.internal.Invoker.invokeMethod(Invoker.java:583)
at org.testng.internal.Invoker.invokeTestMethod(Invoker.java:719)
at org.testng.internal.Invoker.invokeTestMethods(Invoker.java:989)
at org.testng.internal.TestMethodWorker.invokeTestMethods(TestMethodWorker.java:125)
at org.testng.internal.TestMethodWorker.run(TestMethodWorker.java:109)
at org.testng.TestRunner.privateRun(TestRunner.java:648)
at org.testng.TestRunner.run(TestRunner.java:505)
at org.testng.SuiteRunner.runTest(SuiteRunner.java:455)
at org.testng.SuiteRunner.runSequentially(SuiteRunner.java:450)
at org.testng.SuiteRunner.privateRun(SuiteRunner.java:415)
at org.testng.SuiteRunner.run(SuiteRunner.java:364)
at org.testng.SuiteRunnerWorker.runSuite(SuiteRunnerWorker.java:52)
at org.testng.SuiteRunnerWorker.run(SuiteRunnerWorker.java:84)
at org.testng.TestNG.runSuitesSequentially(TestNG.java:1208)
at org.testng.TestNG.runSuitesLocally(TestNG.java:1137)
at org.testng.TestNG.runSuites(TestNG.java:1049)
at org.testng.TestNG.run(TestNG.java:1017)
at org.testng.remote.AbstractRemoteTestNG.run(AbstractRemoteTestNG.java:114)
at org.testng.remote.RemoteTestNG.initAndRun(RemoteTestNG.java:251)
at org.testng.remote.RemoteTestNG.main(RemoteTestNG.java:77)
]]>
            </full-stacktrace>
          </exception> <!-- java.lang.AssertionError -->
          <reporter-output>
          </reporter-output>
        </test-method> <!-- validateRowAlignment -->
        <test-method status="PASS" signature="tearDown()[pri:0, instance:com.app.qa.test.ProjectDashboardTest@59f99ea]" name="tearDown" is-config="true" duration-ms="659" started-at="2019-02-03T23:56:52Z" finished-at="2019-02-03T23:56:53Z">
          <reporter-output>
          </reporter-output>
        </test-method> <!-- tearDown -->
        <test-method status="PASS" signature="setUp()[pri:0, instance:com.app.qa.test.ProjectDashboardTest@59f99ea]" name="setUp" is-config="true" duration-ms="4501" started-at="2019-02-03T23:56:53Z" finished-at="2019-02-03T23:56:57Z">
          <reporter-output>
          </reporter-output>
        </test-method> <!-- setUp -->
        <test-method status="PASS" signature="validateAccountingStatistics()[pri:1, instance:com.app.qa.test.ProjectDashboardTest@59f99ea]" name="validateAccountingStatistics" duration-ms="745" started-at="2019-02-03T23:56:57Z" finished-at="2019-02-03T23:56:58Z">
          <reporter-output>
          </reporter-output>
        </test-method> <!-- validateAccountingStatistics -->
        <test-method status="PASS" signature="tearDown()[pri:0, instance:com.app.qa.test.ProjectDashboardTest@59f99ea]" name="tearDown" is-config="true" duration-ms="664" started-at="2019-02-03T23:56:58Z" finished-at="2019-02-03T23:56:59Z">
          <reporter-output>
          </reporter-output>
        </test-method> <!-- tearDown -->
        <test-method status="PASS" signature="setUp()[pri:0, instance:com.app.qa.test.ProjectDashboardTest@59f99ea]" name="setUp" is-config="true" duration-ms="4526" started-at="2019-02-03T23:56:59Z" finished-at="2019-02-03T23:57:03Z">
          <reporter-output>
          </reporter-output>
        </test-method> <!-- setUp -->
        <test-method status="PASS" signature="validateAdministrationStatistics()[pri:2, instance:com.app.qa.test.ProjectDashboardTest@59f99ea]" name="validateAdministrationStatistics" duration-ms="745" started-at="2019-02-03T23:57:03Z" finished-at="2019-02-03T23:57:04Z">
          <reporter-output>
          </reporter-output>
        </test-method> <!-- validateAdministrationStatistics -->
        <test-method status="PASS" signature="tearDown()[pri:0, instance:com.app.qa.test.ProjectDashboardTest@59f99ea]" name="tearDown" is-config="true" duration-ms="685" started-at="2019-02-03T23:57:04Z" finished-at="2019-02-03T23:57:05Z">
          <reporter-output>
          </reporter-output>
        </test-method> <!-- tearDown -->
        <test-method status="PASS" signature="setUp()[pri:0, instance:com.app.qa.test.ProjectDashboardTest@59f99ea]" name="setUp" is-config="true" duration-ms="4595" started-at="2019-02-03T23:57:05Z" finished-at="2019-02-03T23:57:09Z">
          <reporter-output>
          </reporter-output>
        </test-method> <!-- setUp -->
        <test-method status="PASS" signature="validateMarketingStatistics()[pri:3, instance:com.app.qa.test.ProjectDashboardTest@59f99ea]" name="validateMarketingStatistics" duration-ms="745" started-at="2019-02-03T23:57:09Z" finished-at="2019-02-03T23:57:10Z">
          <reporter-output>
          </reporter-output>
        </test-method> <!-- validateMarketingStatistics -->
        <test-method status="PASS" signature="tearDown()[pri:0, instance:com.app.qa.test.ProjectDashboardTest@59f99ea]" name="tearDown" is-config="true" duration-ms="672" started-at="2019-02-03T23:57:10Z" finished-at="2019-02-03T23:57:11Z">
          <reporter-output>
          </reporter-output>
        </test-method> <!-- tearDown -->
        <test-method status="PASS" signature="setUp()[pri:0, instance:com.app.qa.test.ProjectDashboardTest@59f99ea]" name="setUp" is-config="true" duration-ms="4510" started-at="2019-02-03T23:57:11Z" finished-at="2019-02-03T23:57:15Z">
          <reporter-output>
          </reporter-output>
        </test-method> <!-- setUp -->
        <test-method status="PASS" signature="validateSalesStatistics()[pri:4, instance:com.app.qa.test.ProjectDashboardTest@59f99ea]" name="validateSalesStatistics" duration-ms="714" started-at="2019-02-03T23:57:15Z" finished-at="2019-02-03T23:57:16Z">
          <reporter-output>
          </reporter-output>
        </test-method> <!-- validateSalesStatistics -->
        <test-method status="PASS" signature="tearDown()[pri:0, instance:com.app.qa.test.ProjectDashboardTest@59f99ea]" name="tearDown" is-config="true" duration-ms="671" started-at="2019-02-03T23:57:16Z" finished-at="2019-02-03T23:57:17Z">
          <reporter-output>
          </reporter-output>
        </test-method> <!-- tearDown -->
        <test-method status="PASS" signature="setUp()[pri:0, instance:com.app.qa.test.ProjectDashboardTest@59f99ea]" name="setUp" is-config="true" duration-ms="4507" started-at="2019-02-03T23:57:17Z" finished-at="2019-02-03T23:57:21Z">
          <reporter-output>
          </reporter-output>
        </test-method> <!-- setUp -->
        <test-method status="PASS" signature="validateProductionStatistics()[pri:5, instance:com.app.qa.test.ProjectDashboardTest@59f99ea]" name="validateProductionStatistics" duration-ms="741" started-at="2019-02-03T23:57:21Z" finished-at="2019-02-03T23:57:22Z">
          <reporter-output>
          </reporter-output>
        </test-method> <!-- validateProductionStatistics -->
        <test-method status="PASS" signature="tearDown()[pri:0, instance:com.app.qa.test.ProjectDashboardTest@59f99ea]" name="tearDown" is-config="true" duration-ms="669" started-at="2019-02-03T23:57:22Z" finished-at="2019-02-03T23:57:23Z">
          <reporter-output>
          </reporter-output>
        </test-method> <!-- tearDown -->
        <test-method status="PASS" signature="setUp()[pri:0, instance:com.app.qa.test.ProjectDashboardTest@59f99ea]" name="setUp" is-config="true" duration-ms="4507" started-at="2019-02-03T23:57:23Z" finished-at="2019-02-03T23:57:27Z">
          <reporter-output>
          </reporter-output>
        </test-method> <!-- setUp -->
        <test-method status="PASS" signature="validateArchivedStatistics()[pri:6, instance:com.app.qa.test.ProjectDashboardTest@59f99ea]" name="validateArchivedStatistics" duration-ms="735" started-at="2019-02-03T23:57:27Z" finished-at="2019-02-03T23:57:28Z">
          <reporter-output>
          </reporter-output>
        </test-method> <!-- validateArchivedStatistics -->
        <test-method status="PASS" signature="tearDown()[pri:0, instance:com.app.qa.test.ProjectDashboardTest@59f99ea]" name="tearDown" is-config="true" duration-ms="679" started-at="2019-02-03T23:57:28Z" finished-at="2019-02-03T23:57:29Z">
          <reporter-output>
          </reporter-output>
        </test-method> <!-- tearDown -->
        <test-method status="PASS" signature="setUp()[pri:0, instance:com.app.qa.test.ProjectDashboardTest@59f99ea]" name="setUp" is-config="true" duration-ms="4491" started-at="2019-02-03T23:57:29Z" finished-at="2019-02-03T23:57:33Z">
          <reporter-output>
          </reporter-output>
        </test-method> <!-- setUp -->
        <test-method status="PASS" signature="validateNewStatistics()[pri:7, instance:com.app.qa.test.ProjectDashboardTest@59f99ea]" name="validateNewStatistics" duration-ms="730" started-at="2019-02-03T23:57:33Z" finished-at="2019-02-03T23:57:34Z">
          <reporter-output>
          </reporter-output>
        </test-method> <!-- validateNewStatistics -->
        <test-method status="PASS" signature="tearDown()[pri:0, instance:com.app.qa.test.ProjectDashboardTest@59f99ea]" name="tearDown" is-config="true" duration-ms="681" started-at="2019-02-03T23:57:34Z" finished-at="2019-02-03T23:57:35Z">
          <reporter-output>
          </reporter-output>
        </test-method> <!-- tearDown -->
        <test-method status="PASS" signature="setUp()[pri:0, instance:com.app.qa.test.ProjectDashboardTest@59f99ea]" name="setUp" is-config="true" duration-ms="4590" started-at="2019-02-03T23:57:35Z" finished-at="2019-02-03T23:57:39Z">
          <reporter-output>
          </reporter-output>
        </test-method> <!-- setUp -->
        <test-method status="PASS" signature="validateWorkingStatistics()[pri:8, instance:com.app.qa.test.ProjectDashboardTest@59f99ea]" name="validateWorkingStatistics" duration-ms="732" started-at="2019-02-03T23:57:39Z" finished-at="2019-02-03T23:57:40Z">
          <reporter-output>
          </reporter-output>
        </test-method> <!-- validateWorkingStatistics -->
        <test-method status="PASS" signature="tearDown()[pri:0, instance:com.app.qa.test.ProjectDashboardTest@59f99ea]" name="tearDown" is-config="true" duration-ms="644" started-at="2019-02-03T23:57:40Z" finished-at="2019-02-03T23:57:40Z">
          <reporter-output>
          </reporter-output>
        </test-method> <!-- tearDown -->
        <test-method status="PASS" signature="setUp()[pri:0, instance:com.app.qa.test.ProjectDashboardTest@59f99ea]" name="setUp" is-config="true" duration-ms="4533" started-at="2019-02-03T23:57:40Z" finished-at="2019-02-03T23:57:45Z">
          <reporter-output>
          </reporter-output>
        </test-method> <!-- setUp -->
        <test-method status="PASS" signature="validateDeliveredStatistics()[pri:9, instance:com.app.qa.test.ProjectDashboardTest@59f99ea]" name="validateDeliveredStatistics" duration-ms="755" started-at="2019-02-03T23:57:45Z" finished-at="2019-02-03T23:57:46Z">
          <reporter-output>
          </reporter-output>
        </test-method> <!-- validateDeliveredStatistics -->
        <test-method status="PASS" signature="tearDown()[pri:0, instance:com.app.qa.test.ProjectDashboardTest@59f99ea]" name="tearDown" is-config="true" duration-ms="660" started-at="2019-02-03T23:57:46Z" finished-at="2019-02-03T23:57:46Z">
          <reporter-output>
          </reporter-output>
        </test-method> <!-- tearDown -->
        <test-method status="PASS" signature="setUp()[pri:0, instance:com.app.qa.test.ProjectDashboardTest@59f99ea]" name="setUp" is-config="true" duration-ms="4509" started-at="2019-02-03T23:57:46Z" finished-at="2019-02-03T23:57:51Z">
          <reporter-output>
          </reporter-output>
        </test-method> <!-- setUp -->
        <test-method status="FAIL" signature="validateStatusUpdateStatistics()[pri:10, instance:com.app.qa.test.ProjectDashboardTest@59f99ea]" name="validateStatusUpdateStatistics" duration-ms="488" started-at="2019-02-03T23:57:51Z" finished-at="2019-02-03T23:57:51Z">
          <exception class="java.lang.AssertionError">
            <message>
              <![CDATA[Test Failed - Statistics are not getting updated on updating the status of a record! expected [true] but found [false]]]>
            </message>
            <full-stacktrace>
              <![CDATA[java.lang.AssertionError: Test Failed - Statistics are not getting updated on updating the status of a record! expected [true] but found [false]
at org.testng.Assert.fail(Assert.java:96)
at org.testng.Assert.failNotEquals(Assert.java:776)
at org.testng.Assert.assertTrue(Assert.java:44)
at com.app.qa.test.ProjectDashboardTest.validateStatusUpdateStatistics(ProjectDashboardTest.java:107)
at sun.reflect.NativeMethodAccessorImpl.invoke0(Native Method)
at sun.reflect.NativeMethodAccessorImpl.invoke(Unknown Source)
at sun.reflect.DelegatingMethodAccessorImpl.invoke(Unknown Source)
at java.lang.reflect.Method.invoke(Unknown Source)
at org.testng.internal.MethodInvocationHelper.invokeMethod(MethodInvocationHelper.java:124)
at org.testng.internal.Invoker.invokeMethod(Invoker.java:583)
at org.testng.internal.Invoker.invokeTestMethod(Invoker.java:719)
at org.testng.internal.Invoker.invokeTestMethods(Invoker.java:989)
at org.testng.internal.TestMethodWorker.invokeTestMethods(TestMethodWorker.java:125)
at org.testng.internal.TestMethodWorker.run(TestMethodWorker.java:109)
at org.testng.TestRunner.privateRun(TestRunner.java:648)
at org.testng.TestRunner.run(TestRunner.java:505)
at org.testng.SuiteRunner.runTest(SuiteRunner.java:455)
at org.testng.SuiteRunner.runSequentially(SuiteRunner.java:450)
at org.testng.SuiteRunner.privateRun(SuiteRunner.java:415)
at org.testng.SuiteRunner.run(SuiteRunner.java:364)
at org.testng.SuiteRunnerWorker.runSuite(SuiteRunnerWorker.java:52)
at org.testng.SuiteRunnerWorker.run(SuiteRunnerWorker.java:84)
at org.testng.TestNG.runSuitesSequentially(TestNG.java:1208)
at org.testng.TestNG.runSuitesLocally(TestNG.java:1137)
at org.testng.TestNG.runSuites(TestNG.java:1049)
at org.testng.TestNG.run(TestNG.java:1017)
at org.testng.remote.AbstractRemoteTestNG.run(AbstractRemoteTestNG.java:114)
at org.testng.remote.RemoteTestNG.initAndRun(RemoteTestNG.java:251)
at org.testng.remote.RemoteTestNG.main(RemoteTestNG.java:77)
]]>
            </full-stacktrace>
          </exception> <!-- java.lang.AssertionError -->
          <reporter-output>
          </reporter-output>
        </test-method> <!-- validateStatusUpdateStatistics -->
        <test-method status="PASS" signature="tearDown()[pri:0, instance:com.app.qa.test.ProjectDashboardTest@59f99ea]" name="tearDown" is-config="true" duration-ms="661" started-at="2019-02-03T23:57:51Z" finished-at="2019-02-03T23:57:52Z">
          <reporter-output>
          </reporter-output>
        </test-method> <!-- tearDown -->
        <test-method status="PASS" signature="setUp()[pri:0, instance:com.app.qa.test.ProjectDashboardTest@59f99ea]" name="setUp" is-config="true" duration-ms="4518" started-at="2019-02-03T23:57:52Z" finished-at="2019-02-03T23:57:57Z">
          <reporter-output>
          </reporter-output>
        </test-method> <!-- setUp -->
        <test-method status="FAIL" signature="validateRecordUpdateSaveOnRefresh()[pri:11, instance:com.app.qa.test.ProjectDashboardTest@59f99ea]" name="validateRecordUpdateSaveOnRefresh" duration-ms="1376" started-at="2019-02-03T23:57:57Z" finished-at="2019-02-03T23:57:58Z">
          <exception class="java.lang.AssertionError">
            <message>
              <![CDATA[Test Failed - The updates made to the record were not refelected after page refresh!]]>
            </message>
            <full-stacktrace>
              <![CDATA[java.lang.AssertionError: Test Failed - The updates made to the record were not refelected after page refresh!
at org.testng.Assert.fail(Assert.java:96)
at org.testng.Assert.assertNotEquals(Assert.java:1157)
at com.app.qa.test.ProjectDashboardTest.validateRecordUpdateSaveOnRefresh(ProjectDashboardTest.java:114)
at sun.reflect.NativeMethodAccessorImpl.invoke0(Native Method)
at sun.reflect.NativeMethodAccessorImpl.invoke(Unknown Source)
at sun.reflect.DelegatingMethodAccessorImpl.invoke(Unknown Source)
at java.lang.reflect.Method.invoke(Unknown Source)
at org.testng.internal.MethodInvocationHelper.invokeMethod(MethodInvocationHelper.java:124)
at org.testng.internal.Invoker.invokeMethod(Invoker.java:583)
at org.testng.internal.Invoker.invokeTestMethod(Invoker.java:719)
at org.testng.internal.Invoker.invokeTestMethods(Invoker.java:989)
at org.testng.internal.TestMethodWorker.invokeTestMethods(TestMethodWorker.java:125)
at org.testng.internal.TestMethodWorker.run(TestMethodWorker.java:109)
at org.testng.TestRunner.privateRun(TestRunner.java:648)
at org.testng.TestRunner.run(TestRunner.java:505)
at org.testng.SuiteRunner.runTest(SuiteRunner.java:455)
at org.testng.SuiteRunner.runSequentially(SuiteRunner.java:450)
at org.testng.SuiteRunner.privateRun(SuiteRunner.java:415)
at org.testng.SuiteRunner.run(SuiteRunner.java:364)
at org.testng.SuiteRunnerWorker.runSuite(SuiteRunnerWorker.java:52)
at org.testng.SuiteRunnerWorker.run(SuiteRunnerWorker.java:84)
at org.testng.TestNG.runSuitesSequentially(TestNG.java:1208)
at org.testng.TestNG.runSuitesLocally(TestNG.java:1137)
at org.testng.TestNG.runSuites(TestNG.java:1049)
at org.testng.TestNG.run(TestNG.java:1017)
at org.testng.remote.AbstractRemoteTestNG.run(AbstractRemoteTestNG.java:114)
at org.testng.remote.RemoteTestNG.initAndRun(RemoteTestNG.java:251)
at org.testng.remote.RemoteTestNG.main(RemoteTestNG.java:77)
]]>
            </full-stacktrace>
          </exception> <!-- java.lang.AssertionError -->
          <reporter-output>
          </reporter-output>
        </test-method> <!-- validateRecordUpdateSaveOnRefresh -->
        <test-method status="PASS" signature="tearDown()[pri:0, instance:com.app.qa.test.ProjectDashboardTest@59f99ea]" name="tearDown" is-config="true" duration-ms="697" started-at="2019-02-03T23:57:58Z" finished-at="2019-02-03T23:57:59Z">
          <reporter-output>
          </reporter-output>
        </test-method> <!-- tearDown -->
        <test-method status="PASS" signature="setUp()[pri:0, instance:com.app.qa.test.ProjectDashboardTest@59f99ea]" name="setUp" is-config="true" duration-ms="4490" started-at="2019-02-03T23:57:59Z" finished-at="2019-02-03T23:58:03Z">
          <reporter-output>
          </reporter-output>
        </test-method> <!-- setUp -->
        <test-method status="PASS" signature="validateFeedbackOnUpdate()[pri:12, instance:com.app.qa.test.ProjectDashboardTest@59f99ea]" name="validateFeedbackOnUpdate" duration-ms="771" started-at="2019-02-03T23:58:03Z" finished-at="2019-02-03T23:58:04Z">
          <reporter-output>
          </reporter-output>
        </test-method> <!-- validateFeedbackOnUpdate -->
        <test-method status="PASS" signature="tearDown()[pri:0, instance:com.app.qa.test.ProjectDashboardTest@59f99ea]" name="tearDown" is-config="true" duration-ms="644" started-at="2019-02-03T23:58:04Z" finished-at="2019-02-03T23:58:05Z">
          <reporter-output>
          </reporter-output>
        </test-method> <!-- tearDown -->
        <test-method status="PASS" signature="setUp()[pri:0, instance:com.app.qa.test.ProjectDashboardTest@59f99ea]" name="setUp" is-config="true" duration-ms="4509" started-at="2019-02-03T23:58:05Z" finished-at="2019-02-03T23:58:09Z">
          <reporter-output>
          </reporter-output>
        </test-method> <!-- setUp -->
        <test-method status="PASS" signature="validateBudgetFormatOnUpdate()[pri:13, instance:com.app.qa.test.ProjectDashboardTest@59f99ea]" name="validateBudgetFormatOnUpdate" duration-ms="642" started-at="2019-02-03T23:58:09Z" finished-at="2019-02-03T23:58:10Z">
          <reporter-output>
          </reporter-output>
        </test-method> <!-- validateBudgetFormatOnUpdate -->
        <test-method status="PASS" signature="tearDown()[pri:0, instance:com.app.qa.test.ProjectDashboardTest@59f99ea]" name="tearDown" is-config="true" duration-ms="659" started-at="2019-02-03T23:58:10Z" finished-at="2019-02-03T23:58:10Z">
          <reporter-output>
          </reporter-output>
        </test-method> <!-- tearDown -->
      </class> <!-- com.app.qa.test.ProjectDashboardTest -->
    </test> <!-- Default test -->
  </suite> <!-- Default suite -->
</testng-results>
